[2020-03-31 15:57:08,476-logger.py]-INFO:---------开始测试----------
[2020-03-31 15:57:08,476-logger.py]-INFO:手机号码:18883480167
[2020-03-31 15:57:09,566-logger.py]-DEBUG:{'success': True, 'error': None, 'data': {'token': '22f3fabae31a4f8686c67b33ea5b0e4e', 'user': {'id': 1881, 'melotUserId': None, 'mobile': '18883480167', 'studentName': None, 'gender': -1, 'birthday': None, 'diamonds': 0, 'hasCompleteInfo': 0, 'mvps': 0, 'headPortraitUrl': None, 'courseList': []}}}
[2020-03-31 15:57:09,569-logger.py]-INFO:登录结果：{'success': True, 'error': None, 'data': {'token': '22f3fabae31a4f8686c67b33ea5b0e4e', 'user': {'id': 1881, 'melotUserId': None, 'mobile': '18883480167', 'studentName': None, 'gender': -1, 'birthday': None, 'diamonds': 0, 'hasCompleteInfo': 0, 'mvps': 0, 'headPortraitUrl': None, 'courseList': []}}}
[2020-03-31 15:57:09,571-logger.py]-INFO:登录是否成功：True
[2020-03-31 17:18:11,510-logger.py]-INFO:---------开始测试----------
[2020-03-31 17:18:12,553-logger.py]-DEBUG:{'success': True, 'error': None, 'data': {'token': 'eyJhbGciOiJIUzI1NiJ9.eyJTSEFSRV9UT0tFTiI6IntcInN5c3RlbUlkXCI6MixcInRva2VuXCI6XCI3NmMxMjk3ZDY4Nzk0YzEzOWE5MDAxODYwMWEzYTNjM1wiLFwidXNlcklkXCI6NX0ifQ.kRXuvJFGkQMLPzeHmYVHaZfzlLguyxJSf0glFy6Pyj8', 'user': {'id': 5, 'melotUserId': 223557, 'mobile': '13048052194', 'studentName': 'Snowy ', 'gender': 1, 'birthday': '2015', 'diamonds': 671, 'hasCompleteInfo': 1, 'mvps': 7, 'headPortraitUrl': 'http://kkworld.oss-cn-hangzhou.aliyuncs.com/planet/users/5/1585547582866.jpg', 'courseList': [{'categoryName': '名师课', 'categoryImgPath': 'cjxgn01.png', 'remainderPeriods': 48, 'alreadyOnPeriods': 12, 'effectiveTime': 1585583999999, 'periodType': 2}]}}}
[2020-03-31 17:18:12,553-logger.py]-INFO:登录结果：{'success': True, 'error': None, 'data': {'token': 'eyJhbGciOiJIUzI1NiJ9.eyJTSEFSRV9UT0tFTiI6IntcInN5c3RlbUlkXCI6MixcInRva2VuXCI6XCI3NmMxMjk3ZDY4Nzk0YzEzOWE5MDAxODYwMWEzYTNjM1wiLFwidXNlcklkXCI6NX0ifQ.kRXuvJFGkQMLPzeHmYVHaZfzlLguyxJSf0glFy6Pyj8', 'user': {'id': 5, 'melotUserId': 223557, 'mobile': '13048052194', 'studentName': 'Snowy ', 'gender': 1, 'birthday': '2015', 'diamonds': 671, 'hasCompleteInfo': 1, 'mvps': 7, 'headPortraitUrl': 'http://kkworld.oss-cn-hangzhou.aliyuncs.com/planet/users/5/1585547582866.jpg', 'courseList': [{'categoryName': '名师课', 'categoryImgPath': 'cjxgn01.png', 'remainderPeriods': 48, 'alreadyOnPeriods': 12, 'effectiveTime': 1585583999999, 'periodType': 2}]}}}
[2020-03-31 17:18:12,554-logger.py]-INFO:登录是否成功：True
[2020-03-31 17:18:54,630-logger.py]-INFO:---------开始测试----------
[2020-03-31 17:19:59,441-logger.py]-INFO:---------开始测试----------
[2020-03-31 17:19:59,760-logger.py]-DEBUG:{'success': True, 'error': None, 'data': {'token': 'eyJhbGciOiJIUzI1NiJ9.eyJTSEFSRV9UT0tFTiI6IntcInN5c3RlbUlkXCI6MixcInRva2VuXCI6XCJiZTI3Zjg5YWRmNjc0ZmM1YTllYWFhNjQyOWY2NWU4YVwiLFwidXNlcklkXCI6NX0ifQ.4B9kTiCmunH7nTSSWTtTyDOSldiv8QA6X5AIU9ti2sA', 'user': {'id': 5, 'melotUserId': 223557, 'mobile': '13048052194', 'studentName': 'Snowy ', 'gender': 1, 'birthday': '2015', 'diamonds': 671, 'hasCompleteInfo': 1, 'mvps': 7, 'headPortraitUrl': 'http://kkworld.oss-cn-hangzhou.aliyuncs.com/planet/users/5/1585547582866.jpg', 'courseList': [{'categoryName': '名师课', 'categoryImgPath': 'cjxgn01.png', 'remainderPeriods': 48, 'alreadyOnPeriods': 12, 'effectiveTime': 1585583999999, 'periodType': 2}]}}}
[2020-03-31 17:19:59,762-logger.py]-INFO:登录结果：{'success': True, 'error': None, 'data': {'token': 'eyJhbGciOiJIUzI1NiJ9.eyJTSEFSRV9UT0tFTiI6IntcInN5c3RlbUlkXCI6MixcInRva2VuXCI6XCJiZTI3Zjg5YWRmNjc0ZmM1YTllYWFhNjQyOWY2NWU4YVwiLFwidXNlcklkXCI6NX0ifQ.4B9kTiCmunH7nTSSWTtTyDOSldiv8QA6X5AIU9ti2sA', 'user': {'id': 5, 'melotUserId': 223557, 'mobile': '13048052194', 'studentName': 'Snowy ', 'gender': 1, 'birthday': '2015', 'diamonds': 671, 'hasCompleteInfo': 1, 'mvps': 7, 'headPortraitUrl': 'http://kkworld.oss-cn-hangzhou.aliyuncs.com/planet/users/5/1585547582866.jpg', 'courseList': [{'categoryName': '名师课', 'categoryImgPath': 'cjxgn01.png', 'remainderPeriods': 48, 'alreadyOnPeriods': 12, 'effectiveTime': 1585583999999, 'periodType': 2}]}}}
[2020-03-31 17:19:59,764-logger.py]-INFO:登录是否成功：True
[2020-03-31 17:22:42,194-logger.py]-INFO:---------开始测试----------
[2020-03-31 17:22:42,607-logger.py]-DEBUG:{'success': True, 'error': None, 'data': {'token': 'eyJhbGciOiJIUzI1NiJ9.eyJTSEFSRV9UT0tFTiI6IntcInN5c3RlbUlkXCI6MixcInRva2VuXCI6XCI4MzdkNjkzZWRhY2Y0ZjkxYTllZDUwOWNjMzk4ZTQxOFwiLFwidXNlcklkXCI6NX0ifQ.EPxS-95YLxiJTiMUs1dtJOlGCvhdAzoLT44aD-ezwrQ', 'user': {'id': 5, 'melotUserId': 223557, 'mobile': '13048052194', 'studentName': 'Snowy ', 'gender': 1, 'birthday': '2015', 'diamonds': 671, 'hasCompleteInfo': 1, 'mvps': 7, 'headPortraitUrl': 'http://kkworld.oss-cn-hangzhou.aliyuncs.com/planet/users/5/1585547582866.jpg', 'courseList': [{'categoryName': '名师课', 'categoryImgPath': 'cjxgn01.png', 'remainderPeriods': 48, 'alreadyOnPeriods': 12, 'effectiveTime': 1585583999999, 'periodType': 2}]}}}
[2020-03-31 17:22:42,609-logger.py]-INFO:登录结果：{'success': True, 'error': None, 'data': {'token': 'eyJhbGciOiJIUzI1NiJ9.eyJTSEFSRV9UT0tFTiI6IntcInN5c3RlbUlkXCI6MixcInRva2VuXCI6XCI4MzdkNjkzZWRhY2Y0ZjkxYTllZDUwOWNjMzk4ZTQxOFwiLFwidXNlcklkXCI6NX0ifQ.EPxS-95YLxiJTiMUs1dtJOlGCvhdAzoLT44aD-ezwrQ', 'user': {'id': 5, 'melotUserId': 223557, 'mobile': '13048052194', 'studentName': 'Snowy ', 'gender': 1, 'birthday': '2015', 'diamonds': 671, 'hasCompleteInfo': 1, 'mvps': 7, 'headPortraitUrl': 'http://kkworld.oss-cn-hangzhou.aliyuncs.com/planet/users/5/1585547582866.jpg', 'courseList': [{'categoryName': '名师课', 'categoryImgPath': 'cjxgn01.png', 'remainderPeriods': 48, 'alreadyOnPeriods': 12, 'effectiveTime': 1585583999999, 'periodType': 2}]}}}
[2020-03-31 17:22:42,610-logger.py]-INFO:登录是否成功：True
[2020-03-31 17:22:42,611-logger.py]-INFO:---------开始测试----------
[2020-03-31 17:22:43,041-logger.py]-DEBUG:{'success': True, 'error': None, 'data': {'token': 'c1b7eb85374c45bab9d1a490f83c8d54', 'user': {'id': 1882, 'melotUserId': None, 'mobile': '14200000000', 'studentName': None, 'gender': -1, 'birthday': None, 'diamonds': 0, 'hasCompleteInfo': 0, 'mvps': 0, 'headPortraitUrl': None, 'courseList': []}}}
[2020-03-31 17:22:43,043-logger.py]-INFO:登录结果：{'success': True, 'error': None, 'data': {'token': 'c1b7eb85374c45bab9d1a490f83c8d54', 'user': {'id': 1882, 'melotUserId': None, 'mobile': '14200000000', 'studentName': None, 'gender': -1, 'birthday': None, 'diamonds': 0, 'hasCompleteInfo': 0, 'mvps': 0, 'headPortraitUrl': None, 'courseList': []}}}
[2020-03-31 17:22:43,044-logger.py]-INFO:登录是否成功：True
[2020-03-31 17:23:16,493-logger.py]-INFO:---------开始测试----------
[2020-03-31 17:23:16,617-logger.py]-INFO:---------开始测试----------
[2020-03-31 17:32:30,269-logger.py]-INFO:---------开始测试----------
[2020-03-31 17:40:25,432-logger.py]-INFO:---------开始测试----------
[2020-03-31 17:41:20,303-logger.py]-INFO:---------开始测试----------
[2020-03-31 17:42:13,957-logger.py]-INFO:---------开始测试----------
[2020-03-31 17:43:52,686-logger.py]-INFO:---------开始测试----------
[2020-03-31 17:43:52,762-logger.py]-DEBUG:{'success': False, 'error': {'code': 31001, 'message': '未找到该手机号的验证码'}, 'data': None}
[2020-03-31 17:43:52,764-logger.py]-INFO:登录结果：{'success': False, 'error': {'code': 31001, 'message': '未找到该手机号的验证码'}, 'data': None}
[2020-03-31 17:43:52,765-logger.py]-INFO:登录是否成功：False
